SB Weather/app/build/intermediates/manifest_merge_blame_file/debug/manifest-merger-blame-debug-report.txt
1<?xml version="1.0" encoding="utf-8"?>
2<manifest xmlns:android="http://schemas.android.com/apk/res/android"
3    package="weather.app.simpleweather"
4    android:versionCode="1"
5    android:versionName="1.0" >
6
7    <uses-sdk
8        android:minSdkVersion="23"
8-->src\main\AndroidManifest.xml
9        android:targetSdkVersion="30" />
9-->src\main\AndroidManifest.xml
10
11    <uses-permission android:name="android.permission.WRITE_SETTINGS" />
11-->src\main\AndroidManifest.xml:6:5-8:47
11-->src\main\AndroidManifest.xml:7:9-57
12
13    <application
13-->src\main\AndroidManifest.xml:10:5-40:19
14        android:allowBackup="true"
14-->src\main\AndroidManifest.xml:11:9-35
15        android:appComponentFactory="androidx.core.app.CoreComponentFactory"
15-->[androidx.core:core:1.3.1] AndroidManifest.xml:24:18-86
16        android:debuggable="true"
17        android:extractNativeLibs="false"
18        android:icon="@mipmap/ic_launcher"
18-->src\main\AndroidManifest.xml:12:9-43
19        android:label="@string/app_name"
19-->src\main\AndroidManifest.xml:13:9-41
20        android:roundIcon="@mipmap/ic_launcher_round"
20-->src\main\AndroidManifest.xml:14:9-54
21        android:supportsRtl="true"
21-->src\main\AndroidManifest.xml:15:9-35
22        android:testOnly="true"
23        android:theme="@style/AppTheme" >
23-->src\main\AndroidManifest.xml:16:9-40
24        <activity
24-->src\main\AndroidManifest.xml:17:9-98
25            android:name="weather.app.simpleweather.SettingsActivity"
25-->src\main\AndroidManifest.xml:17:19-51
26            android:label="@string/SettingBar" />
26-->src\main\AndroidManifest.xml:17:52-86
27        <activity
27-->src\main\AndroidManifest.xml:18:9-26:20
28            android:name="weather.app.simpleweather.LogoScreenActivity"
28-->src\main\AndroidManifest.xml:19:13-47
29            android:theme="@style/AppThemeRemove" >
29-->src\main\AndroidManifest.xml:20:13-50
30            <intent-filter>
30-->src\main\AndroidManifest.xml:21:13-25:29
31                <action android:name="android.intent.action.MAIN" />
31-->src\main\AndroidManifest.xml:22:17-69
31-->src\main\AndroidManifest.xml:22:25-66
32
33                <category android:name="android.intent.category.LAUNCHER" />
33-->src\main\AndroidManifest.xml:24:17-77
33-->src\main\AndroidManifest.xml:24:27-74
34            </intent-filter>
35        </activity>
36        <activity
36-->src\main\AndroidManifest.xml:27:9-29:53
37            android:name="weather.app.simpleweather.MainActivity"
37-->src\main\AndroidManifest.xml:28:13-41
38            android:theme="@style/AppThemeRemove" />
38-->src\main\AndroidManifest.xml:29:13-50
39        <activity android:name="weather.app.simpleweather.HomeActivity" />
39-->src\main\AndroidManifest.xml:30:9-50
39-->src\main\AndroidManifest.xml:30:19-47
40        <activity
40-->src\main\AndroidManifest.xml:31:9-33:53
41            android:name="weather.app.simpleweather.PasswordActivity"
41-->src\main\AndroidManifest.xml:32:13-45
42            android:theme="@style/AppThemeRemove" />
42-->src\main\AndroidManifest.xml:33:13-50
43        <activity
43-->src\main\AndroidManifest.xml:34:9-36:53
44            android:name="weather.app.simpleweather.RegisterActivity"
44-->src\main\AndroidManifest.xml:35:13-45
45            android:theme="@style/AppThemeRemove" />
45-->src\main\AndroidManifest.xml:36:13-50
46        <activity android:name="weather.app.simpleweather.AboutActivity" />
46-->src\main\AndroidManifest.xml:37:9-51
46-->src\main\AndroidManifest.xml:37:19-48
47        <activity android:name="weather.app.simpleweather.ContactUsActivity" />
47-->src\main\AndroidManifest.xml:38:9-55
47-->src\main\AndroidManifest.xml:38:19-52
48        <activity android:name="weather.app.simpleweather.Fragments.BottomNavigation" />
48-->src\main\AndroidManifest.xml:39:9-64
48-->src\main\AndroidManifest.xml:39:19-61
49        <activity
49-->[com.google.firebase:firebase-auth:19.4.0] AndroidManifest.xml:24:9-31:50
50            android:name="com.google.firebase.auth.internal.FederatedSignInActivity"
50-->[com.google.firebase:firebase-auth:19.4.0] AndroidManifest.xml:25:13-85
51            android:excludeFromRecents="true"
51-->[com.google.firebase:firebase-auth:19.4.0] AndroidManifest.xml:26:13-46
52            android:exported="true"
52-->[com.google.firebase:firebase-auth:19.4.0] AndroidManifest.xml:27:13-36
53            android:launchMode="singleTask"
53-->[com.google.firebase:firebase-auth:19.4.0] AndroidManifest.xml:28:13-44
54            android:permission="com.google.firebase.auth.api.gms.permission.LAUNCH_FEDERATED_SIGN_IN"
54-->[com.google.firebase:firebase-auth:19.4.0] AndroidManifest.xml:29:13-102
55            android:theme="@android:style/Theme.Translucent.NoTitleBar" />
55-->[com.google.firebase:firebase-auth:19.4.0] AndroidManifest.xml:30:13-72
56
57        <service
57-->[com.google.firebase:firebase-auth:19.4.0] AndroidManifest.xml:33:9-39:19
58            android:name="com.google.firebase.components.ComponentDiscoveryService"
58-->[com.google.firebase:firebase-auth:19.4.0] AndroidManifest.xml:34:13-84
59            android:directBootAware="true"
59-->[com.google.firebase:firebase-common:19.3.0] AndroidManifest.xml:34:13-43
60            android:exported="false" >
60-->[com.google.firebase:firebase-auth:19.4.0] AndroidManifest.xml:35:13-37
61            <meta-data
61-->[com.google.firebase:firebase-auth:19.4.0] AndroidManifest.xml:36:13-38:85
62                android:name="com.google.firebase.components:com.google.firebase.auth.FirebaseAuthRegistrar"
62-->[com.google.firebase:firebase-auth:19.4.0] AndroidManifest.xml:37:17-109
63                android:value="com.google.firebase.components.ComponentRegistrar" />
63-->[com.google.firebase:firebase-auth:19.4.0] AndroidManifest.xml:38:17-82
64        </service>
65
66        <activity
66-->[com.google.android.gms:play-services-base:17.1.0] AndroidManifest.xml:23:9-26:75
67            android:name="com.google.android.gms.common.api.GoogleApiActivity"
67-->[com.google.android.gms:play-services-base:17.1.0] AndroidManifest.xml:24:13-79
68            android:exported="false"
68-->[com.google.android.gms:play-services-base:17.1.0] AndroidManifest.xml:25:13-37
69            android:theme="@android:style/Theme.Translucent.NoTitleBar" />
69-->[com.google.android.gms:play-services-base:17.1.0] AndroidManifest.xml:26:13-72
70
71        <provider
71-->[com.google.firebase:firebase-common:19.3.0] AndroidManifest.xml:26:9-30:39
72            android:name="com.google.firebase.provider.FirebaseInitProvider"
72-->[com.google.firebase:firebase-common:19.3.0] AndroidManifest.xml:27:13-77
73            android:authorities="weather.app.simpleweather.firebaseinitprovider"
73-->[com.google.firebase:firebase-common:19.3.0] AndroidManifest.xml:28:13-72
74            android:exported="false"
74-->[com.google.firebase:firebase-common:19.3.0] AndroidManifest.xml:29:13-37
75            android:initOrder="100" />
75-->[com.google.firebase:firebase-common:19.3.0] AndroidManifest.xml:30:13-36
76
77        <meta-data
77-->[com.google.android.gms:play-services-basement:17.0.0] AndroidManifest.xml:23:9-25:69
78            android:name="com.google.android.gms.version"
78-->[com.google.android.gms:play-services-basement:17.0.0] AndroidManifest.xml:24:13-58
79            android:value="@integer/google_play_services_version" />
79-->[com.google.android.gms:play-services-basement:17.0.0] AndroidManifest.xml:25:13-66
80    </application>
81
82</manifest>